<?xml version="1.0" encoding="UTF-8"?>
<!-- Generated by org.testng.reporters.JUnitXMLReporter -->
<testsuite ignored="0" hostname="jay-PC" failures="0" tests="6" name="Default test" time="16.473" errors="0" timestamp="2023-06-21T20:40:22 IST">
  <testcase classname="api.test.DataDrivenTest" name="testPostUser" time="6.195"/>
  <testcase classname="api.test.DataDrivenTest" name="testPostUser" time="1.374"/>
  <testcase classname="api.test.DataDrivenTest" name="testPostUser" time="1.263"/>
  <testcase classname="api.test.DataDrivenTest" name="testDeleteUserByName" time="1.442"/>
  <testcase classname="api.test.DataDrivenTest" name="testDeleteUserByName" time="1.181"/>
  <testcase classname="api.test.DataDrivenTest" name="testDeleteUserByName" time="1.553"/>
</testsuite> <!-- Default test -->
