<?xml version="1.0" encoding="UTF-8"?>
<!-- Generated by org.testng.reporters.JUnitXMLReporter -->
<testsuite ignored="0" hostname="jay-PC" failures="0" tests="14" name="Test" time="31.652" errors="0" timestamp="2023-06-23T19:38:17 IST">
  <testcase classname="api.test.DataDrivenTest" name="testPostUser" time="5.212"/>
  <testcase classname="api.test.DataDrivenTest" name="testPostUser" time="1.457"/>
  <testcase classname="api.test.DataDrivenTest" name="testPostUser" time="1.473"/>
  <testcase classname="api.test.DataDrivenTest" name="testDeleteUserByName" time="1.446"/>
  <testcase classname="api.test.DataDrivenTest" name="testDeleteUserByName" time="1.387"/>
  <testcase classname="api.test.DataDrivenTest" name="testDeleteUserByName" time="1.318"/>
  <testcase classname="api.test.UserTest" name="testPostUser" time="1.548"/>
  <testcase classname="api.test.UserTest" name="testGetUser" time="1.454"/>
  <testcase classname="api.test.UserTest" name="testUpdateUser" time="3.029"/>
  <testcase classname="api.test.UserTest" name="testDeleteUser" time="1.466"/>
  <testcase classname="api.test.UserTest2" name="testPostUser" time="1.318"/>
  <testcase classname="api.test.UserTest2" name="testGetUser" time="1.399"/>
  <testcase classname="api.test.UserTest2" name="testUpdateUser" time="2.544"/>
  <testcase classname="api.test.UserTest2" name="testDeleteUser" time="1.521"/>
</testsuite> <!-- Test -->
