<?xml version="1.0" encoding="UTF-8"?>
<!-- Generated by org.testng.reporters.JUnitXMLReporter -->
<testsuite ignored="0" hostname="jay-PC" failures="0" tests="14" name="Test" time="43.478" errors="0" timestamp="2023-06-24T12:36:09 IST">
  <testcase classname="api.test.DataDrivenTest" name="testPostUser" time="8.591"/>
  <testcase classname="api.test.DataDrivenTest" name="testPostUser" time="1.34"/>
  <testcase classname="api.test.DataDrivenTest" name="testPostUser" time="2.707"/>
  <testcase classname="api.test.DataDrivenTest" name="testDeleteUserByName" time="1.41"/>
  <testcase classname="api.test.DataDrivenTest" name="testDeleteUserByName" time="1.289"/>
  <testcase classname="api.test.DataDrivenTest" name="testDeleteUserByName" time="1.342"/>
  <testcase classname="api.test.UserTest" name="testPostUser" time="1.691"/>
  <testcase classname="api.test.UserTest" name="testGetUser" time="1.217"/>
  <testcase classname="api.test.UserTest" name="testUpdateUser" time="2.708"/>
  <testcase classname="api.test.UserTest" name="testDeleteUser" time="1.362"/>
  <testcase classname="api.test.UserTest2" name="testPostUser" time="2.513"/>
  <testcase classname="api.test.UserTest2" name="testGetUser" time="1.143"/>
  <testcase classname="api.test.UserTest2" name="testUpdateUser" time="2.773"/>
  <testcase classname="api.test.UserTest2" name="testDeleteUser" time="1.445"/>
</testsuite> <!-- Test -->
