<?xml version="1.0" encoding="UTF-8"?>
<!-- Generated by org.testng.reporters.JUnitXMLReporter -->
<testsuite ignored="0" hostname="jay-PC" failures="0" tests="14" name="Test" time="50.556" errors="0" timestamp="2023-06-23T20:25:49 IST">
  <testcase classname="api.test.DataDrivenTest" name="testPostUser" time="11.758"/>
  <testcase classname="api.test.DataDrivenTest" name="testPostUser" time="1.466"/>
  <testcase classname="api.test.DataDrivenTest" name="testPostUser" time="2.416"/>
  <testcase classname="api.test.DataDrivenTest" name="testDeleteUserByName" time="4.984"/>
  <testcase classname="api.test.DataDrivenTest" name="testDeleteUserByName" time="1.446"/>
  <testcase classname="api.test.DataDrivenTest" name="testDeleteUserByName" time="1.224"/>
  <testcase classname="api.test.UserTest" name="testPostUser" time="1.407"/>
  <testcase classname="api.test.UserTest" name="testGetUser" time="1.385"/>
  <testcase classname="api.test.UserTest" name="testUpdateUser" time="6.573"/>
  <testcase classname="api.test.UserTest" name="testDeleteUser" time="1.235"/>
  <testcase classname="api.test.UserTest2" name="testPostUser" time="1.338"/>
  <testcase classname="api.test.UserTest2" name="testGetUser" time="1.236"/>
  <testcase classname="api.test.UserTest2" name="testUpdateUser" time="2.748"/>
  <testcase classname="api.test.UserTest2" name="testDeleteUser" time="1.477"/>
</testsuite> <!-- Test -->
