<?xml version="1.0" encoding="UTF-8"?>
<!-- Generated by org.testng.reporters.JUnitXMLReporter -->
<testsuite ignored="3" hostname="jay-PC" failures="0" tests="1" name="Test(failed)" time="10.162" errors="0" timestamp="2023-06-23T17:47:14 IST">
  <testcase classname="api.test.UserTest2" name="testUpdateUser" time="7.439"/>
  <testcase classname="api.test.UserTest2" name="testPostUser" time="0.0">
    <ignored/>
  </testcase> <!-- testPostUser -->
  <testcase classname="api.test.UserTest2" name="testGetUser" time="0.0">
    <ignored/>
  </testcase> <!-- testGetUser -->
  <testcase classname="api.test.UserTest2" name="testDeleteUser" time="0.0">
    <ignored/>
  </testcase> <!-- testDeleteUser -->
</testsuite> <!-- Test(failed) -->
