<?xml version="1.0" encoding="UTF-8"?>
<testng-results ignored="0" total="14" passed="14" failed="0" skipped="0">
  <reporter-output>
  </reporter-output>
  <suite started-at="2023-06-23T20:24:58 IST" name="Suite" finished-at="2023-06-23T20:25:49 IST" duration-ms="50556">
    <groups>
    </groups>
    <test started-at="2023-06-23T20:24:58 IST" name="Test" finished-at="2023-06-23T20:25:49 IST" duration-ms="50556">
      <class name="api.test.UserTest">
        <test-method is-config="true" signature="setup()[pri:0, instance:api.test.UserTest@2f7298b]" started-at="2023-06-23T20:25:30 IST" name="setup" finished-at="2023-06-23T20:25:31 IST" duration-ms="1100" status="PASS">
          <reporter-output>
          </reporter-output>
        </test-method> <!-- setup -->
        <test-method signature="testPostUser()[pri:1, instance:api.test.UserTest@2f7298b]" started-at="2023-06-23T20:25:31 IST" name="testPostUser" finished-at="2023-06-23T20:25:32 IST" duration-ms="1407" status="PASS">
          <reporter-output>
          </reporter-output>
        </test-method> <!-- testPostUser -->
        <test-method signature="testGetUser()[pri:2, instance:api.test.UserTest@2f7298b]" started-at="2023-06-23T20:25:32 IST" name="testGetUser" finished-at="2023-06-23T20:25:33 IST" duration-ms="1385" status="PASS">
          <reporter-output>
          </reporter-output>
        </test-method> <!-- testGetUser -->
        <test-method signature="testUpdateUser()[pri:3, instance:api.test.UserTest@2f7298b]" started-at="2023-06-23T20:25:33 IST" name="testUpdateUser" finished-at="2023-06-23T20:25:40 IST" duration-ms="6573" status="PASS">
          <reporter-output>
          </reporter-output>
        </test-method> <!-- testUpdateUser -->
        <test-method signature="testDeleteUser()[pri:4, instance:api.test.UserTest@2f7298b]" started-at="2023-06-23T20:25:40 IST" name="testDeleteUser" finished-at="2023-06-23T20:25:41 IST" duration-ms="1235" status="PASS">
          <reporter-output>
          </reporter-output>
        </test-method> <!-- testDeleteUser -->
        <test-method is-config="true" signature="displayData()[pri:0, instance:api.test.UserTest@2f7298b]" started-at="2023-06-23T20:25:41 IST" name="displayData" finished-at="2023-06-23T20:25:41 IST" duration-ms="2" status="PASS">
          <reporter-output>
          </reporter-output>
        </test-method> <!-- displayData -->
      </class> <!-- api.test.UserTest -->
      <class name="api.test.DataDrivenTest">
        <test-method signature="testPostUser(java.lang.String,java.lang.String,java.lang.String,java.lang.String,java.lang.String,java.lang.String,java.lang.String)[pri:1, instance:api.test.DataDrivenTest@48ae9b55]" started-at="2023-06-23T20:25:06 IST" name="testPostUser" data-provider="Data" finished-at="2023-06-23T20:25:18 IST" duration-ms="11758" status="PASS">
          <params>
            <param index="0">
              <value>
                <![CDATA[1010]]>
              </value>
            </param>
            <param index="1">
              <value>
                <![CDATA[testuser1]]>
              </value>
            </param>
            <param index="2">
              <value>
                <![CDATA[john]]>
              </value>
            </param>
            <param index="3">
              <value>
                <![CDATA[cena]]>
              </value>
            </param>
            <param index="4">
              <value>
                <![CDATA[a@gmail.com]]>
              </value>
            </param>
            <param index="5">
              <value>
                <![CDATA[test@1]]>
              </value>
            </param>
            <param index="6">
              <value>
                <![CDATA[1234567]]>
              </value>
            </param>
          </params>
          <reporter-output>
          </reporter-output>
        </test-method> <!-- testPostUser -->
        <test-method signature="testPostUser(java.lang.String,java.lang.String,java.lang.String,java.lang.String,java.lang.String,java.lang.String,java.lang.String)[pri:1, instance:api.test.DataDrivenTest@48ae9b55]" started-at="2023-06-23T20:25:18 IST" name="testPostUser" data-provider="Data" finished-at="2023-06-23T20:25:19 IST" duration-ms="1466" status="PASS">
          <params>
            <param index="0">
              <value>
                <![CDATA[1020]]>
              </value>
            </param>
            <param index="1">
              <value>
                <![CDATA[testuser2]]>
              </value>
            </param>
            <param index="2">
              <value>
                <![CDATA[tripple]]>
              </value>
            </param>
            <param index="3">
              <value>
                <![CDATA[h]]>
              </value>
            </param>
            <param index="4">
              <value>
                <![CDATA[b@gmail.com]]>
              </value>
            </param>
            <param index="5">
              <value>
                <![CDATA[test@2]]>
              </value>
            </param>
            <param index="6">
              <value>
                <![CDATA[2345678]]>
              </value>
            </param>
          </params>
          <reporter-output>
          </reporter-output>
        </test-method> <!-- testPostUser -->
        <test-method signature="testPostUser(java.lang.String,java.lang.String,java.lang.String,java.lang.String,java.lang.String,java.lang.String,java.lang.String)[pri:1, instance:api.test.DataDrivenTest@48ae9b55]" started-at="2023-06-23T20:25:19 IST" name="testPostUser" data-provider="Data" finished-at="2023-06-23T20:25:22 IST" duration-ms="2416" status="PASS">
          <params>
            <param index="0">
              <value>
                <![CDATA[1030]]>
              </value>
            </param>
            <param index="1">
              <value>
                <![CDATA[testuser3]]>
              </value>
            </param>
            <param index="2">
              <value>
                <![CDATA[hugh]]>
              </value>
            </param>
            <param index="3">
              <value>
                <![CDATA[jackman]]>
              </value>
            </param>
            <param index="4">
              <value>
                <![CDATA[c@gmail.com]]>
              </value>
            </param>
            <param index="5">
              <value>
                <![CDATA[test@3]]>
              </value>
            </param>
            <param index="6">
              <value>
                <![CDATA[3456789]]>
              </value>
            </param>
          </params>
          <reporter-output>
          </reporter-output>
        </test-method> <!-- testPostUser -->
        <test-method signature="testDeleteUserByName(java.lang.String)[pri:2, instance:api.test.DataDrivenTest@48ae9b55]" started-at="2023-06-23T20:25:22 IST" name="testDeleteUserByName" data-provider="UserNames" finished-at="2023-06-23T20:25:27 IST" duration-ms="4984" status="PASS">
          <params>
            <param index="0">
              <value>
                <![CDATA[testuser1]]>
              </value>
            </param>
          </params>
          <reporter-output>
          </reporter-output>
        </test-method> <!-- testDeleteUserByName -->
        <test-method signature="testDeleteUserByName(java.lang.String)[pri:2, instance:api.test.DataDrivenTest@48ae9b55]" started-at="2023-06-23T20:25:27 IST" name="testDeleteUserByName" data-provider="UserNames" finished-at="2023-06-23T20:25:28 IST" duration-ms="1446" status="PASS">
          <params>
            <param index="0">
              <value>
                <![CDATA[testuser2]]>
              </value>
            </param>
          </params>
          <reporter-output>
          </reporter-output>
        </test-method> <!-- testDeleteUserByName -->
        <test-method signature="testDeleteUserByName(java.lang.String)[pri:2, instance:api.test.DataDrivenTest@48ae9b55]" started-at="2023-06-23T20:25:28 IST" name="testDeleteUserByName" data-provider="UserNames" finished-at="2023-06-23T20:25:30 IST" duration-ms="1224" status="PASS">
          <params>
            <param index="0">
              <value>
                <![CDATA[testuser3]]>
              </value>
            </param>
          </params>
          <reporter-output>
          </reporter-output>
        </test-method> <!-- testDeleteUserByName -->
      </class> <!-- api.test.DataDrivenTest -->
      <class name="api.test.UserTest2">
        <test-method is-config="true" signature="setup()[pri:0, instance:api.test.UserTest2@188715b5]" started-at="2023-06-23T20:25:41 IST" name="setup" finished-at="2023-06-23T20:25:42 IST" duration-ms="645" status="PASS">
          <reporter-output>
          </reporter-output>
        </test-method> <!-- setup -->
        <test-method signature="testPostUser()[pri:1, instance:api.test.UserTest2@188715b5]" started-at="2023-06-23T20:25:42 IST" name="testPostUser" finished-at="2023-06-23T20:25:43 IST" duration-ms="1338" status="PASS">
          <reporter-output>
          </reporter-output>
        </test-method> <!-- testPostUser -->
        <test-method signature="testGetUser()[pri:2, instance:api.test.UserTest2@188715b5]" started-at="2023-06-23T20:25:43 IST" name="testGetUser" finished-at="2023-06-23T20:25:44 IST" duration-ms="1236" status="PASS">
          <reporter-output>
          </reporter-output>
        </test-method> <!-- testGetUser -->
        <test-method signature="testUpdateUser()[pri:3, instance:api.test.UserTest2@188715b5]" started-at="2023-06-23T20:25:44 IST" name="testUpdateUser" finished-at="2023-06-23T20:25:47 IST" duration-ms="2748" status="PASS">
          <reporter-output>
          </reporter-output>
        </test-method> <!-- testUpdateUser -->
        <test-method signature="testDeleteUser()[pri:4, instance:api.test.UserTest2@188715b5]" started-at="2023-06-23T20:25:47 IST" name="testDeleteUser" finished-at="2023-06-23T20:25:49 IST" duration-ms="1477" status="PASS">
          <reporter-output>
          </reporter-output>
        </test-method> <!-- testDeleteUser -->
        <test-method is-config="true" signature="displayData()[pri:0, instance:api.test.UserTest2@188715b5]" started-at="2023-06-23T20:25:49 IST" name="displayData" finished-at="2023-06-23T20:25:49 IST" duration-ms="5" status="PASS">
          <reporter-output>
          </reporter-output>
        </test-method> <!-- displayData -->
      </class> <!-- api.test.UserTest2 -->
    </test> <!-- Test -->
  </suite> <!-- Suite -->
</testng-results>
