<?xml version="1.0" encoding="UTF-8"?>
<testsuite xmlns:xsi="http://www.w3.org/2001/XMLSchema-instance" xsi:noNamespaceSchemaLocation="https://maven.apache.org/surefire/maven-surefire-plugin/xsd/surefire-test-report-3.0.xsd" version="3.0" name="TestSuite" time="53.267" tests="14" errors="0" skipped="0" failures="0">
  <properties>
[...]
</properties>
  <testcase name="testPostUser[1010, testuser1, john, cena, a@gmail.com, test@1, 1234567](1)" classname="api.test.DataDrivenTest" time="11.7">
    <system-out><![CDATA[WARN StatusConsoleListener The use of package scanning to locate plugins is deprecated and will be removed in a future release
WARN StatusConsoleListener The use of package scanning to locate plugins is deprecated and will be removed in a future release
WARN StatusConsoleListener The use of package scanning to locate plugins is deprecated and will be removed in a future release
WARN StatusConsoleListener The use of package scanning to locate plugins is deprecated and will be removed in a future release
]]></system-out>
    <system-err><![CDATA[SLF4J: Failed to load class "org.slf4j.impl.StaticLoggerBinder".
SLF4J: Defaulting to no-operation (NOP) logger implementation
SLF4J: See http://www.slf4j.org/codes.html#StaticLoggerBinder for further details.
]]></system-err>
  </testcase>
  <testcase name="testPostUser[1020, testuser2, tripple, h, b@gmail.com, test@2, 2345678](2)" classname="api.test.DataDrivenTest" time="1.49"/>
  <testcase name="testPostUser[1030, testuser3, hugh, jackman, c@gmail.com, test@3, 3456789](3)" classname="api.test.DataDrivenTest" time="2.374"/>
  <testcase name="testDeleteUserByName[testuser1](1)" classname="api.test.DataDrivenTest" time="4.967"/>
  <testcase name="testDeleteUserByName[testuser2](2)" classname="api.test.DataDrivenTest" time="1.465"/>
  <testcase name="testDeleteUserByName[testuser3](3)" classname="api.test.DataDrivenTest" time="1.208"/>
  <testcase name="testPostUser" classname="api.test.UserTest" time="1.46">
    <system-out><![CDATA[HTTP/1.1 200 OK
Date: Fri, 23 Jun 2023 14:55:37 GMT
Content-Type: application/json
Transfer-Encoding: chunked
Connection: keep-alive
Access-Control-Allow-Origin: *
Access-Control-Allow-Methods: GET, POST, DELETE, PUT
Access-Control-Allow-Headers: Content-Type, api_key, Authorization
Server: Jetty(9.2.9.v20150224)

{
    "code": 200,
    "type": "unknown",
    "message": "431966204"
}
]]></system-out>
  </testcase>
  <testcase name="testGetUser" classname="api.test.UserTest" time="1.374">
    <system-out><![CDATA[HTTP/1.1 200 OK
Date: Fri, 23 Jun 2023 14:55:39 GMT
Content-Type: application/json
Transfer-Encoding: chunked
Connection: keep-alive
Access-Control-Allow-Origin: *
Access-Control-Allow-Methods: GET, POST, DELETE, PUT
Access-Control-Allow-Headers: Content-Type, api_key, Authorization
Server: Jetty(9.2.9.v20150224)

{
    "id": 431966204,
    "username": "jewell.reichel",
    "firstName": "Jeff",
    "lastName": "McLaughlin",
    "email": "millie.damore@example.com",
    "password": "boyqix0",
    "phone": "205.240.6036",
    "userStatus": 0
}
]]></system-out>
  </testcase>
  <testcase name="testUpdateUser" classname="api.test.UserTest" time="6.556">
    <system-out><![CDATA[{
    "code": 200,
    "type": "unknown",
    "message": "431966204"
}
]]></system-out>
  </testcase>
  <testcase name="testDeleteUser" classname="api.test.UserTest" time="1.372"/>
  <testcase name="testPostUser" classname="api.test.UserTest2" time="1.301">
    <system-out><![CDATA[431966204
jewell.reichel
nakia.schiller@example.com
hw6gj
Leticia
Mante
205.240.6036
0
HTTP/1.1 200 OK
Date: Fri, 23 Jun 2023 14:55:49 GMT
Content-Type: application/json
Transfer-Encoding: chunked
Connection: keep-alive
Access-Control-Allow-Origin: *
Access-Control-Allow-Methods: GET, POST, DELETE, PUT
Access-Control-Allow-Headers: Content-Type, api_key, Authorization
Server: Jetty(9.2.9.v20150224)

{
    "code": 200,
    "type": "unknown",
    "message": "275701220"
}
]]></system-out>
  </testcase>
  <testcase name="testGetUser" classname="api.test.UserTest2" time="1.202">
    <system-out><![CDATA[HTTP/1.1 200 OK
Date: Fri, 23 Jun 2023 14:55:50 GMT
Content-Type: application/json
Transfer-Encoding: chunked
Connection: keep-alive
Access-Control-Allow-Origin: *
Access-Control-Allow-Methods: GET, POST, DELETE, PUT
Access-Control-Allow-Headers: Content-Type, api_key, Authorization
Server: Jetty(9.2.9.v20150224)

{
    "id": 275701220,
    "username": "shantell.treutel",
    "firstName": "Marlo",
    "lastName": "Ortiz",
    "email": "kazuko.sauer@example.com",
    "password": "mu67pe",
    "phone": "223.812.2491",
    "userStatus": 0
}
]]></system-out>
  </testcase>
  <testcase name="testUpdateUser" classname="api.test.UserTest2" time="2.75">
    <system-out><![CDATA[{
    "code": 200,
    "type": "unknown",
    "message": "275701220"
}
]]></system-out>
  </testcase>
  <testcase name="testDeleteUser" classname="api.test.UserTest2" time="1.475"/>
</testsuite>