<?xml version="1.0" encoding="UTF-8"?>
<testsuite xmlns:xsi="http://www.w3.org/2001/XMLSchema-instance" xsi:noNamespaceSchemaLocation="https://maven.apache.org/surefire/maven-surefire-plugin/xsd/surefire-test-report-3.0.xsd" version="3.0" name="TestSuite" time="46.418" tests="14" errors="0" skipped="0" failures="0">
  <properties>
[...]
</properties>
  <testcase name="testPostUser[1010, testuser1, john, cena, a@gmail.com, test@1, 1234567](1)" classname="api.test.DataDrivenTest" time="8.655">
    <system-out><![CDATA[WARN StatusConsoleListener The use of package scanning to locate plugins is deprecated and will be removed in a future release
WARN StatusConsoleListener The use of package scanning to locate plugins is deprecated and will be removed in a future release
WARN StatusConsoleListener The use of package scanning to locate plugins is deprecated and will be removed in a future release
WARN StatusConsoleListener The use of package scanning to locate plugins is deprecated and will be removed in a future release
]]></system-out>
    <system-err><![CDATA[SLF4J: Failed to load class "org.slf4j.impl.StaticLoggerBinder".
SLF4J: Defaulting to no-operation (NOP) logger implementation
SLF4J: See http://www.slf4j.org/codes.html#StaticLoggerBinder for further details.
]]></system-err>
  </testcase>
  <testcase name="testPostUser[1020, testuser2, tripple, h, b@gmail.com, test@2, 2345678](2)" classname="api.test.DataDrivenTest" time="1.281"/>
  <testcase name="testPostUser[1030, testuser3, hugh, jackman, c@gmail.com, test@3, 3456789](3)" classname="api.test.DataDrivenTest" time="2.696"/>
  <testcase name="testDeleteUserByName[testuser1](1)" classname="api.test.DataDrivenTest" time="1.428"/>
  <testcase name="testDeleteUserByName[testuser2](2)" classname="api.test.DataDrivenTest" time="1.309"/>
  <testcase name="testDeleteUserByName[testuser3](3)" classname="api.test.DataDrivenTest" time="1.315"/>
  <testcase name="testPostUser" classname="api.test.UserTest" time="1.708">
    <system-out><![CDATA[HTTP/1.1 200 OK
Date: Sat, 24 Jun 2023 07:06:02 GMT
Content-Type: application/json
Transfer-Encoding: chunked
Connection: keep-alive
Access-Control-Allow-Origin: *
Access-Control-Allow-Methods: GET, POST, DELETE, PUT
Access-Control-Allow-Headers: Content-Type, api_key, Authorization
Server: Jetty(9.2.9.v20150224)

{
    "code": 200,
    "type": "unknown",
    "message": "324946354"
}
]]></system-out>
  </testcase>
  <testcase name="testGetUser" classname="api.test.UserTest" time="1.211">
    <system-out><![CDATA[HTTP/1.1 200 OK
Date: Sat, 24 Jun 2023 07:06:03 GMT
Content-Type: application/json
Transfer-Encoding: chunked
Connection: keep-alive
Access-Control-Allow-Origin: *
Access-Control-Allow-Methods: GET, POST, DELETE, PUT
Access-Control-Allow-Headers: Content-Type, api_key, Authorization
Server: Jetty(9.2.9.v20150224)

{
    "id": 324946354,
    "username": "janeth.ankunding",
    "firstName": "Bennett",
    "lastName": "Maggio",
    "email": "natalya.moen@example.com",
    "password": "d8ooyuxd",
    "phone": "800-636-6294",
    "userStatus": 0
}
]]></system-out>
  </testcase>
  <testcase name="testUpdateUser" classname="api.test.UserTest" time="2.71">
    <system-out><![CDATA[{
    "code": 200,
    "type": "unknown",
    "message": "324946354"
}
]]></system-out>
  </testcase>
  <testcase name="testDeleteUser" classname="api.test.UserTest" time="1.36"/>
  <testcase name="testPostUser" classname="api.test.UserTest2" time="2.517">
    <system-out><![CDATA[324946354
janeth.ankunding
milford.ruecker@example.com
9d9ezqbc
Kenna
Jaskolski
800-636-6294
0
HTTP/1.1 200 OK
Date: Sat, 24 Jun 2023 07:06:10 GMT
Content-Type: application/json
Transfer-Encoding: chunked
Connection: keep-alive
Access-Control-Allow-Origin: *
Access-Control-Allow-Methods: GET, POST, DELETE, PUT
Access-Control-Allow-Headers: Content-Type, api_key, Authorization
Server: Jetty(9.2.9.v20150224)

{
    "code": 200,
    "type": "unknown",
    "message": "2007939739"
}
]]></system-out>
  </testcase>
  <testcase name="testGetUser" classname="api.test.UserTest2" time="1.163">
    <system-out><![CDATA[HTTP/1.1 200 OK
Date: Sat, 24 Jun 2023 07:06:12 GMT
Content-Type: application/json
Transfer-Encoding: chunked
Connection: keep-alive
Access-Control-Allow-Origin: *
Access-Control-Allow-Methods: GET, POST, DELETE, PUT
Access-Control-Allow-Headers: Content-Type, api_key, Authorization
Server: Jetty(9.2.9.v20150224)

{
    "id": 2007939739,
    "username": "cyrus.ebert",
    "firstName": "Imogene",
    "lastName": "Bednar",
    "email": "glenn.haley@example.com",
    "password": "5cirn",
    "phone": "1-741-722-9610",
    "userStatus": 0
}
]]></system-out>
  </testcase>
  <testcase name="testUpdateUser" classname="api.test.UserTest2" time="2.893">
    <system-out><![CDATA[{
    "code": 200,
    "type": "unknown",
    "message": "2007939739"
}
]]></system-out>
  </testcase>
  <testcase name="testDeleteUser" classname="api.test.UserTest2" time="1.266"/>
</testsuite>